filenum,day
238582, agora
 1673, agora/2014-12-03
 1737, agora/2015-03-15
 1578, agora/2014-11-06
 1679, agora/2015-06-15
  735, agora/2014-03-01
 1215, agora/2014-11-11
 1376, agora/2015-01-01
 1685, agora/2015-03-19
 1455, agora/2015-01-18
  232, agora/2014-02-15
 1472, agora/2014-08-27
 2034, agora/2015-06-26
 1488, agora/2015-01-06
  307, agora/2014-06-03
 1825, agora/2014-10-25
 1598, agora/2015-02-03
 1189, agora/2014-06-01
 1723, agora/2014-11-18
  970, agora/2014-05-31
 1591, agora/2015-04-25
  287, agora/2014-01-01
    3, agora/2014-10-10
  204, agora/2014-10-05
 1855, agora/2015-03-22
  913, agora/2014-03-06
 1118, agora/2014-09-20
 1714, agora/2015-02-28
    9, agora/2015-05-01
 1788, agora/2015-03-10
 1008, agora/2014-03-03
 1097, agora/2014-07-26
 1655, agora/2015-02-19
  135, agora/2014-06-22
 1637, agora/2014-12-06
  214, agora/2014-11-28
 1055, agora/2014-06-19
 1565, agora/2014-10-27
  524, agora/2015-05-17
  871, agora/2014-10-12
  141, agora/2014-04-21
 1052, agora/2015-04-23
   86, agora/2014-08-09
 1544, agora/2015-01-28
 1280, agora/2015-06-12
 2053, agora/2015-04-13
  126, agora/2014-10-07
 1393, agora/2014-12-24
 1361, agora/2015-06-01
 1326, agora/2015-03-25
 1686, agora/2015-04-10
 1731, agora/2014-11-03
 1820, agora/2015-03-29
  427, agora/2015-05-16
  886, agora/2015-03-27
   14, agora/2014-08-05
  153, agora/2014-08-18
 1371, agora/2015-05-05
  991, agora/2015-05-21
 1520, agora/2014-12-28
 1505, agora/2014-12-12
 1591, agora/2015-02-13
  411, agora/2014-10-20
  271, agora/2014-12-04
 1867, agora/2015-06-04
  662, agora/2015-04-04
 1352, agora/2014-09-15
 1650, agora/2014-10-09
 1382, agora/2015-03-16
 1629, agora/2015-02-02
  409, agora/2014-01-26
 1506, agora/2014-11-24
 1830, agora/2014-10-31
 2099, agora/2015-06-20
  722, agora/2015-04-20
 1642, agora/2015-01-08
  297, agora/2015-05-28
 1664, agora/2015-05-04
  168, agora/2014-03-18
  143, agora/2014-07-05
 1467, agora/2015-02-05
  468, agora/2014-08-20
 1260, agora/2014-10-17
 1497, agora/2015-02-17
  974, agora/2014-08-03
   67, agora/2014-07-30
 1709, agora/2015-01-26
  473, agora/2014-02-05
 1821, agora/2014-10-29
 1198, agora/2014-11-25
  925, agora/2015-01-10
  989, agora/2015-04-30
 1937, agora/2015-05-10
  461, agora/2014-02-10
  746, agora/2014-02-24
 1028, agora/2014-02-28
 1203, agora/2014-11-19
 1532, agora/2015-04-14
  978, agora/2014-09-26
 1612, agora/2014-11-10
  330, agora/2014-05-05
  345, agora/2014-01-16
  821, agora/2014-06-11
 1273, agora/2015-05-15
 1632, agora/2014-12-20
 1626, agora/2015-02-11
 1417, agora/2014-10-19
 1055, agora/2014-11-14
   21, agora/2014-10-16
  130, agora/2014-09-30
 1802, agora/2015-04-02
 1145, agora/2014-11-21
  694, agora/2014-05-06
 1541, agora/2014-11-07
 1683, agora/2014-12-15
 1665, agora/2014-12-10
  495, agora/2014-10-23
 1384, agora/2014-05-24
 1278, agora/2014-12-26
 1381, agora/2014-07-21
 1778, agora/2015-03-13
 1399, agora/2015-01-04
 1375, agora/2014-05-16
 1403, agora/2014-12-17
 1550, agora/2015-05-13
 1229, agora/2015-06-02
 1630, agora/2014-10-06
 1266, agora/2014-04-06
 1704, agora/2015-01-29
 1667, agora/2015-04-09
 1666, agora/2014-11-13
  276, agora/2014-05-10
 1476, agora/2014-12-01
 1446, agora/2014-11-15
 1584, agora/2014-08-14
 1277, agora/2014-09-29
 1467, agora/2014-12-30
   28, agora/2014-06-09
  535, agora/2014-10-14
 1435, agora/2015-05-06
 1727, agora/2014-11-01
 1781, agora/2015-03-07
 1951, agora/2015-07-07
 1662, agora/2015-05-03
  703, agora/2014-12-18
 1358, agora/2015-01-16
 1555, agora/2015-06-28
  670, agora/2014-07-29
 1642, agora/2015-01-15
  902, agora/2014-02-23
 1504, agora/2014-11-08
 1922, agora/2015-04-07
  415, agora/2014-06-16
  324, agora/2015-01-07
 1804, agora/2015-03-30
  804, agora/2015-04-22
 1021, agora/2014-09-05
 1696, agora/2014-11-22
  358, agora/2015-07-01
 1686, agora/2014-11-16
 1120, agora/2014-12-21
 1735, agora/2015-02-09
 2053, agora/2015-04-12
 1277, agora/2014-07-18
 1690, agora/2015-03-03
 1887, agora/2015-06-30
  462, agora/2014-02-02
  661, agora/2014-05-03
 1408, agora/2015-06-13
  842, agora/2014-04-26
 1636, agora/2015-07-04
 1694, agora/2015-02-24
  123, agora/2014-04-25
 1551, agora/2015-03-05
 1730, agora/2014-09-22
 1713, agora/2015-02-26
 1208, agora/2015-01-02
  965, agora/2015-05-31
  607, agora/2014-02-18
 1608, agora/2015-01-24
  301, agora/2014-01-09
 1619, agora/2014-12-23
 1448, agora/2015-04-27
  888, agora/2015-05-11
  120, agora/2014-09-08
 1717, agora/2015-02-01
  479, agora/2015-05-29
  622, agora/2015-02-21
 1327, agora/2014-11-23
 1818, agora/2014-10-22
 1025, agora/2014-10-04
  782, agora/2014-12-07
 1529, agora/2015-06-22
 1556, agora/2015-01-09
  213, agora/2014-11-27
  164, agora/2014-10-03
 2015, agora/2015-06-11
 1778, agora/2015-04-03
  789, agora/2014-04-24
 2005, agora/2015-06-07
 1709, agora/2015-01-21
  815, agora/2014-08-30
 1459, agora/2015-01-23
 1719, agora/2015-02-16
